<?xml version="1.0" encoding="UTF-8"?>
<!-- Generated by org.testng.reporters.JUnitReportReporter -->
<testsuite skipped="0" hostname="MC0Y6RJC" name="com.differentBrowserTestNG.LaunchBrowser" tests="1" failures="0" timestamp="05 Apr 2018 10:02:57 GMT" time="19.632" errors="0">
  <testcase name="launchBrowser" time="19.632" classname="com.differentBrowserTestNG.LaunchBrowser"/>
</testsuite> <!-- com.differentBrowserTestNG.LaunchBrowser -->
